// 重构日志: f5bbc6ba
// 重构日志: a3ec8efc
// 同步 ID: 49054ad3 @ Mon May 11 12:12:38 UTC 2026
// 同步 ID: 4d68fca2 @ Wed May 13 08:21:08 UTC 2026
// 同步 ID: cecd790d @ Thu May 14 09:12:44 UTC 2026
// 重构日志: dfad1967
// 重构日志: ac4c5b3b
// 重构日志: 8cc2eef7
// 重构日志: c8596ded
// 同步 ID: 6d8c4914 @ Thu May 21 12:35:24 UTC 2026
// 重构日志: a55396db
// 重构日志: 313e3f06
// 同步 ID: e43b7542 @ Sat May 23 12:04:20 UTC 2026
// 重构日志: a6683d3e
// 重构日志: 40041c4f
// 同步 ID: c7bf2144 @ Thu May 28 13:43:36 UTC 2026
// 重构日志: a1310d81
// 重构日志: c995394f
// 同步 ID: 16b9a9a9 @ Sun May 31 02:47:59 UTC 2026
// 重构日志: 0ec8d18b
// 同步 ID: 629284e4 @ Sun May 31 17:20:04 UTC 2026
// 同步 ID: 10d8cafd @ Mon Jun  1 09:13:49 UTC 2026
// 同步 ID: 7eaf925d @ Tue Jun  2 10:19:29 UTC 2026
// 重构日志: 35dd9e98
// 重构日志: c4a34a5e
// 重构日志: b604e207
// 重构日志: ba12c48d
// 重构日志: 050b46bc
// 同步 ID: c7875f47 @ Fri Jun  5 19:35:21 UTC 2026
// 同步 ID: 96747c43 @ Sat Jun  6 01:49:54 UTC 2026
// 重构日志: bd36a6f7
// 重构日志: ecf15041
// 重构日志: 2b0d6ca5
